  flappybird.cpp
D:\Code\c++\OpenGLRoot\Dimon\Dimon\src\Dimon\Core\Application.h(28,35): error C4596: 'OnWindowResize': illegal qualified name in member declaration
D:\Code\c++\OpenGLRoot\Dimon\Dimon\src\Dimon\Render\Renderer.h(17,124): error C2440: 'default argument': cannot convert from 'glm::mat4' to 'glm::mat4 &'
D:\Code\c++\OpenGLRoot\Dimon\Dimon\src\Dimon\Render\Renderer.h(17,124): message : A non-const reference may only be bound to an lvalue
D:\Code\c++\OpenGLRoot\Dimon\flappybird\src\Player.h(27,70): warning C4244: 'return': conversion from 'float' to 'uint32_t', possible loss of data
  GameLayer.cpp
D:\Code\c++\OpenGLRoot\Dimon\Dimon\src\Dimon\Core\Application.h(28,35): error C4596: 'OnWindowResize': illegal qualified name in member declaration
D:\Code\c++\OpenGLRoot\Dimon\Dimon\src\Dimon\Render\Renderer.h(17,124): error C2440: 'default argument': cannot convert from 'glm::mat4' to 'glm::mat4 &'
D:\Code\c++\OpenGLRoot\Dimon\Dimon\src\Dimon\Render\Renderer.h(17,124): message : A non-const reference may only be bound to an lvalue
D:\Code\c++\OpenGLRoot\Dimon\flappybird\src\Player.h(27,70): warning C4244: 'return': conversion from 'float' to 'uint32_t', possible loss of data
  Level.cpp
D:\Code\c++\OpenGLRoot\Dimon\Dimon\src\Dimon\Core\Application.h(28,35): error C4596: 'OnWindowResize': illegal qualified name in member declaration
D:\Code\c++\OpenGLRoot\Dimon\Dimon\src\Dimon\Render\Renderer.h(17,124): error C2440: 'default argument': cannot convert from 'glm::mat4' to 'glm::mat4 &'
D:\Code\c++\OpenGLRoot\Dimon\Dimon\src\Dimon\Render\Renderer.h(17,124): message : A non-const reference may only be bound to an lvalue
D:\Code\c++\OpenGLRoot\Dimon\flappybird\src\Player.h(27,70): warning C4244: 'return': conversion from 'float' to 'uint32_t', possible loss of data
  ParticleSystem.cpp
D:\Code\c++\OpenGLRoot\Dimon\Dimon\src\Dimon\Core\Application.h(28,35): error C4596: 'OnWindowResize': illegal qualified name in member declaration
D:\Code\c++\OpenGLRoot\Dimon\Dimon\src\Dimon\Render\Renderer.h(17,124): error C2440: 'default argument': cannot convert from 'glm::mat4' to 'glm::mat4 &'
D:\Code\c++\OpenGLRoot\Dimon\Dimon\src\Dimon\Render\Renderer.h(17,124): message : A non-const reference may only be bound to an lvalue
  Player.cpp
D:\Code\c++\OpenGLRoot\Dimon\Dimon\src\Dimon\Core\Application.h(28,35): error C4596: 'OnWindowResize': illegal qualified name in member declaration
D:\Code\c++\OpenGLRoot\Dimon\Dimon\src\Dimon\Render\Renderer.h(17,124): error C2440: 'default argument': cannot convert from 'glm::mat4' to 'glm::mat4 &'
D:\Code\c++\OpenGLRoot\Dimon\Dimon\src\Dimon\Render\Renderer.h(17,124): message : A non-const reference may only be bound to an lvalue
D:\Code\c++\OpenGLRoot\Dimon\flappybird\src\Player.h(27,70): warning C4244: 'return': conversion from 'float' to 'uint32_t', possible loss of data
  Generating Code...

Project Performance Summary:
     9131 ms  D:\Code\c++\OpenGLRoot\Dimon\flappybird\flappybird.vcxproj   1 calls
               9131 ms  Build                                      1 calls

Target Performance Summary:
        0 ms  PreBuildEvent                              1 calls
        0 ms  _SelectedFiles                             1 calls
        0 ms  SelectCustomBuild                          1 calls
        0 ms  CopyFileToFolders                          1 calls
        0 ms  _Xsd                                       1 calls
        0 ms  MakeDirsForMidl                            1 calls
        0 ms  ComputeMIDLGeneratedCompileInputs          1 calls
        0 ms  AfterMidl                                  1 calls
        0 ms  _Midl                                      1 calls
        0 ms  VcpkgTripletSelection                      1 calls
        0 ms  AfterBuildGenerateSources                  1 calls
        0 ms  _BuildGenerateSourcesAction                1 calls
        0 ms  BuildGenerateSources                       1 calls
        0 ms  BuildCompileTraverse                       1 calls
        0 ms  BeforeClCompile                            1 calls
        0 ms  ComputeCLInputPDBName                      1 calls
        0 ms  FindReferenceAssembliesForReferences       1 calls
        0 ms  ComputeReferenceCLInput                    1 calls
        0 ms  FixupCLCompileOptions                      1 calls
        0 ms  AfterBuildGenerateSourcesEvent             1 calls
        0 ms  BuildGenerateSourcesTraverse               1 calls
        0 ms  BeforeBuildGenerateSources                 1 calls
        0 ms  SelectClCompile                            1 calls
        0 ms  PrepareProjectReferences                   1 calls
        0 ms  ResolveProjectReferences                   1 calls
        0 ms  GetFrameworkPaths                          1 calls
        0 ms  ResolveReferences                          1 calls
        0 ms  SetBuildDefaultEnvironmentVariables        1 calls
        0 ms  GetResolvedWinMD                           1 calls
        0 ms  BeforeResolveReferences                    1 calls
        0 ms  SetCABuildNativeEnvironmentVariables       1 calls
        0 ms  ResolveSDKReferences                       1 calls
        0 ms  ExpandSDKReferences                        1 calls
        0 ms  _PrepareForBuild                           1 calls
        0 ms  AfterResolveReferences                     1 calls
        0 ms  _PrepareForReferenceResolution             1 calls
        0 ms  _SplitProjectReferencesByFileExistence     1 calls
        1 ms  ComputeCustomBuildOutput                   1 calls
        1 ms  MakeDirsForCl                              1 calls
        1 ms  CustomBuild                                1 calls
        1 ms  _CheckWindowsSDKInstalled                  1 calls
        1 ms  GetReferenceAssemblyPaths                  1 calls
        1 ms  _GetProjectReferenceTargetFrameworkProperties   1 calls
        1 ms  AssignProjectConfiguration                 1 calls
        1 ms  ResolveAssemblyReferences                  1 calls
        1 ms  SetTelemetryEnvironmentVariables           1 calls
        2 ms  WarnCompileDuplicatedFilename              1 calls
        2 ms  InitializeBuildStatus                      1 calls
        3 ms  PrepareForBuild                            1 calls
        5 ms  _CheckForInvalidConfigurationAndPlatform   1 calls
     9108 ms  ClCompile                                  1 calls

Task Performance Summary:
        0 ms  Message                                    3 calls
        0 ms  AssignProjectConfiguration                 1 calls
        0 ms  MSBuild                                    1 calls
        0 ms  MakeDir                                    5 calls
        0 ms  ReadLinesFromFile                          1 calls
        0 ms  WriteLinesToFile                           1 calls
        1 ms  GetOutOfDateItems                          3 calls
        1 ms  CheckVCToolsetVersion                      1 calls
        1 ms  SetEnv                                     8 calls
        1 ms  Touch                                      1 calls
     9107 ms  CL                                         1 calls
